<?xml version="1.0" encoding="UTF-8"?>
<testsuite name="org.gradle.PersonTest" tests="4" skipped="0" failures="0" errors="0" timestamp="2017-09-03T21:44:10" hostname="piccolo.local" time="0.638">
  <properties/>
  <testcase name="canConstructAPerson" classname="org.gradle.PersonTest" time="0.599"/>
  <testcase name="testResourcesAreAvailable" classname="org.gradle.PersonTest" time="0.002"/>
  <testcase name="usingCorrectVersionOfGroovy" classname="org.gradle.PersonTest" time="0.003"/>
  <testcase name="canConstructAPersonUsingName" classname="org.gradle.PersonTest" time="0.032"/>
  <system-out><![CDATA[]]></system-out>
  <system-err><![CDATA[]]></system-err>
</testsuite>
